<?xml version="1.0" encoding="UTF-8"?>
<testng-results ignored="0" total="1" passed="1" failed="0" skipped="0">
  <reporter-output>
  </reporter-output>
  <suite started-at="2026-06-22T17:30:08 EDT" name="LoginSuite" finished-at="2026-06-22T17:30:12 EDT" duration-ms="3456">
    <groups>
    </groups>
    <test started-at="2026-06-22T17:30:08 EDT" name="LoginTests" finished-at="2026-06-22T17:30:12 EDT" duration-ms="3456">
      <class name="tests.LoginTest">
        <test-method is-config="true" signature="setup()[pri:0, instance:tests.LoginTest@2a4fb17b]" started-at="2026-06-22T17:30:08 EDT" name="setup" finished-at="2026-06-22T17:30:11 EDT" duration-ms="2482" status="PASS">
          <reporter-output>
          </reporter-output>
        </test-method> <!-- setup -->
        <test-method signature="testValidLogin()[pri:0, instance:tests.LoginTest@2a4fb17b]" started-at="2026-06-22T17:30:11 EDT" name="testValidLogin" finished-at="2026-06-22T17:30:11 EDT" duration-ms="787" status="PASS">
          <reporter-output>
          </reporter-output>
        </test-method> <!-- testValidLogin -->
        <test-method is-config="true" signature="tearDown()[pri:0, instance:tests.LoginTest@2a4fb17b]" started-at="2026-06-22T17:30:11 EDT" name="tearDown" finished-at="2026-06-22T17:30:12 EDT" duration-ms="143" status="PASS">
          <reporter-output>
          </reporter-output>
        </test-method> <!-- tearDown -->
      </class> <!-- tests.LoginTest -->
    </test> <!-- LoginTests -->
  </suite> <!-- LoginSuite -->
</testng-results>
